# Logfile created on 2014-09-15 23:10:05 -0400 by logger.rb/31641
2014-09-15T23:10:05-0400: [Worker(delayed_job host:henri-knafos-MacBook-Pro.local pid:11717)] Starting job worker
2014-09-15T23:10:25-0400: [Worker(delayed_job host:henri-knafos-MacBook-Pro.local pid:11717)] Job Class#usernearme (id=1) RUNNING
2014-09-15T23:10:29-0400: [Worker(delayed_job host:henri-knafos-MacBook-Pro.local pid:11717)] Job Class#usernearme (id=1) COMPLETED after 3.4462
2014-09-15T23:10:29-0400: [Worker(delayed_job host:henri-knafos-MacBook-Pro.local pid:11717)] Job Class#usernearme (id=2) RUNNING
2014-09-15T23:10:34-0400: [Worker(delayed_job host:henri-knafos-MacBook-Pro.local pid:11717)] Job Class#usernearme (id=2) COMPLETED after 4.8637
2014-09-15T23:10:34-0400: [Worker(delayed_job host:henri-knafos-MacBook-Pro.local pid:11717)] Job Class#usernearme (id=3) RUNNING
2014-09-15T23:10:37-0400: [Worker(delayed_job host:henri-knafos-MacBook-Pro.local pid:11717)] Job Class#usernearme (id=3) COMPLETED after 3.1400
2014-09-15T23:10:37-0400: [Worker(delayed_job host:henri-knafos-MacBook-Pro.local pid:11717)] Job Class#usernearme (id=4) RUNNING
2014-09-15T23:10:40-0400: [Worker(delayed_job host:henri-knafos-MacBook-Pro.local pid:11717)] Job Class#usernearme (id=4) COMPLETED after 3.4950
2014-09-15T23:10:40-0400: [Worker(delayed_job host:henri-knafos-MacBook-Pro.local pid:11717)] Job Class#usernearme (id=5) RUNNING
2014-09-15T23:10:43-0400: [Worker(delayed_job host:henri-knafos-MacBook-Pro.local pid:11717)] Job Class#usernearme (id=5) COMPLETED after 2.7050
2014-09-15T23:10:43-0400: [Worker(delayed_job host:henri-knafos-MacBook-Pro.local pid:11717)] Job Class#usernearme (id=6) RUNNING
2014-09-15T23:10:46-0400: [Worker(delayed_job host:henri-knafos-MacBook-Pro.local pid:11717)] Job Class#usernearme (id=6) COMPLETED after 2.8973
2014-09-15T23:10:46-0400: [Worker(delayed_job host:henri-knafos-MacBook-Pro.local pid:11717)] Job Class#usernearme (id=7) RUNNING
2014-09-15T23:10:48-0400: [Worker(delayed_job host:henri-knafos-MacBook-Pro.local pid:11717)] Job Class#usernearme (id=7) COMPLETED after 1.8609
2014-09-15T23:10:48-0400: [Worker(delayed_job host:henri-knafos-MacBook-Pro.local pid:11717)] Job Class#usernearme (id=8) RUNNING
2014-09-15T23:10:50-0400: [Worker(delayed_job host:henri-knafos-MacBook-Pro.local pid:11717)] Job Class#usernearme (id=8) COMPLETED after 2.2304
2014-09-15T23:10:50-0400: [Worker(delayed_job host:henri-knafos-MacBook-Pro.local pid:11717)] Job Class#usernearme (id=9) RUNNING
2014-09-15T23:10:53-0400: [Worker(delayed_job host:henri-knafos-MacBook-Pro.local pid:11717)] Job Class#usernearme (id=9) COMPLETED after 2.7751
2014-09-15T23:10:53-0400: [Worker(delayed_job host:henri-knafos-MacBook-Pro.local pid:11717)] 9 jobs processed at 0.3206 j/s, 0 failed
2014-09-15T23:22:54-0400: [Worker(delayed_job host:henri-knafos-MacBook-Pro.local pid:11717)] Job Class#usernearme (id=10) RUNNING
2014-09-15T23:22:55-0400: [Worker(delayed_job host:henri-knafos-MacBook-Pro.local pid:11717)] Job Class#usernearme (id=10) COMPLETED after 1.1323
2014-09-15T23:22:55-0400: [Worker(delayed_job host:henri-knafos-MacBook-Pro.local pid:11717)] Job Class#usernearme (id=11) RUNNING
2014-09-15T23:22:57-0400: [Worker(delayed_job host:henri-knafos-MacBook-Pro.local pid:11717)] Job Class#usernearme (id=11) COMPLETED after 1.3151
2014-09-15T23:22:57-0400: [Worker(delayed_job host:henri-knafos-MacBook-Pro.local pid:11717)] Job Class#usernearme (id=12) RUNNING
2014-09-15T23:22:58-0400: [Worker(delayed_job host:henri-knafos-MacBook-Pro.local pid:11717)] Job Class#usernearme (id=12) COMPLETED after 1.6492
2014-09-15T23:22:58-0400: [Worker(delayed_job host:henri-knafos-MacBook-Pro.local pid:11717)] Job Class#usernearme (id=13) RUNNING
2014-09-15T23:23:01-0400: [Worker(delayed_job host:henri-knafos-MacBook-Pro.local pid:11717)] Job Class#usernearme (id=13) COMPLETED after 2.4929
2014-09-15T23:23:01-0400: [Worker(delayed_job host:henri-knafos-MacBook-Pro.local pid:11717)] Job Class#usernearme (id=14) RUNNING
2014-09-15T23:23:03-0400: [Worker(delayed_job host:henri-knafos-MacBook-Pro.local pid:11717)] Job Class#usernearme (id=14) COMPLETED after 2.2566
2014-09-15T23:23:03-0400: [Worker(delayed_job host:henri-knafos-MacBook-Pro.local pid:11717)] Job Class#usernearme (id=15) RUNNING
2014-09-15T23:23:05-0400: [Worker(delayed_job host:henri-knafos-MacBook-Pro.local pid:11717)] Job Class#usernearme (id=15) COMPLETED after 1.6485
2014-09-15T23:23:05-0400: [Worker(delayed_job host:henri-knafos-MacBook-Pro.local pid:11717)] Job Class#usernearme (id=16) RUNNING
2014-09-15T23:23:07-0400: [Worker(delayed_job host:henri-knafos-MacBook-Pro.local pid:11717)] Job Class#usernearme (id=16) COMPLETED after 1.6891
2014-09-15T23:23:07-0400: [Worker(delayed_job host:henri-knafos-MacBook-Pro.local pid:11717)] Job Class#usernearme (id=17) RUNNING
2014-09-15T23:23:08-0400: [Worker(delayed_job host:henri-knafos-MacBook-Pro.local pid:11717)] Job Class#usernearme (id=17) COMPLETED after 1.5781
2014-09-15T23:23:08-0400: [Worker(delayed_job host:henri-knafos-MacBook-Pro.local pid:11717)] Job Class#usernearme (id=18) RUNNING
2014-09-15T23:23:09-0400: [Worker(delayed_job host:henri-knafos-MacBook-Pro.local pid:11717)] Job Class#usernearme (id=18) COMPLETED after 1.2154
2014-09-15T23:23:10-0400: [Worker(delayed_job host:henri-knafos-MacBook-Pro.local pid:11717)] Job Class#usernearme (id=19) RUNNING
2014-09-15T23:23:11-0400: [Worker(delayed_job host:henri-knafos-MacBook-Pro.local pid:11717)] Job Class#usernearme (id=19) COMPLETED after 1.4116
2014-09-15T23:23:11-0400: [Worker(delayed_job host:henri-knafos-MacBook-Pro.local pid:11717)] 10 jobs processed at 0.5849 j/s, 0 failed
2014-09-15T23:28:33-0400: [Worker(delayed_job host:henri-knafos-MacBook-Pro.local pid:11717)] Exiting...
2014-09-15T23:28:41-0400: [Worker(delayed_job host:henri-knafos-MacBook-Pro.local pid:11886)] Starting job worker
2014-09-15T23:29:27-0400: [Worker(delayed_job host:henri-knafos-MacBook-Pro.local pid:11886)] Job Class#usernearme (id=20) RUNNING
2014-09-15T23:29:30-0400: [Worker(delayed_job host:henri-knafos-MacBook-Pro.local pid:11886)] Job Class#usernearme (id=20) COMPLETED after 2.8977
2014-09-15T23:29:30-0400: [Worker(delayed_job host:henri-knafos-MacBook-Pro.local pid:11886)] Job Class#usernearme (id=21) RUNNING
2014-09-15T23:29:33-0400: [Worker(delayed_job host:henri-knafos-MacBook-Pro.local pid:11886)] Job Class#usernearme (id=21) COMPLETED after 2.4662
2014-09-15T23:29:33-0400: [Worker(delayed_job host:henri-knafos-MacBook-Pro.local pid:11886)] Job Class#usernearme (id=22) RUNNING
2014-09-15T23:29:34-0400: [Worker(delayed_job host:henri-knafos-MacBook-Pro.local pid:11886)] Job Class#usernearme (id=22) COMPLETED after 1.4000
2014-09-15T23:29:34-0400: [Worker(delayed_job host:henri-knafos-MacBook-Pro.local pid:11886)] Job Class#usernearme (id=23) RUNNING
2014-09-15T23:29:36-0400: [Worker(delayed_job host:henri-knafos-MacBook-Pro.local pid:11886)] Job Class#usernearme (id=23) COMPLETED after 1.8141
2014-09-15T23:29:36-0400: [Worker(delayed_job host:henri-knafos-MacBook-Pro.local pid:11886)] Job Class#usernearme (id=24) RUNNING
2014-09-15T23:29:37-0400: [Worker(delayed_job host:henri-knafos-MacBook-Pro.local pid:11886)] Job Class#usernearme (id=24) COMPLETED after 1.0836
2014-09-15T23:29:37-0400: [Worker(delayed_job host:henri-knafos-MacBook-Pro.local pid:11886)] Job Class#usernearme (id=25) RUNNING
2014-09-15T23:29:38-0400: [Worker(delayed_job host:henri-knafos-MacBook-Pro.local pid:11886)] Job Class#usernearme (id=25) COMPLETED after 0.9933
2014-09-15T23:29:38-0400: [Worker(delayed_job host:henri-knafos-MacBook-Pro.local pid:11886)] Job Class#usernearme (id=26) RUNNING
2014-09-15T23:29:41-0400: [Worker(delayed_job host:henri-knafos-MacBook-Pro.local pid:11886)] Job Class#usernearme (id=26) COMPLETED after 2.5615
2014-09-15T23:29:41-0400: [Worker(delayed_job host:henri-knafos-MacBook-Pro.local pid:11886)] Job Class#usernearme (id=27) RUNNING
2014-09-15T23:29:44-0400: [Worker(delayed_job host:henri-knafos-MacBook-Pro.local pid:11886)] Job Class#usernearme (id=27) COMPLETED after 2.6324
2014-09-15T23:29:44-0400: [Worker(delayed_job host:henri-knafos-MacBook-Pro.local pid:11886)] Job Class#usernearme (id=28) RUNNING
2014-09-15T23:29:45-0400: [Worker(delayed_job host:henri-knafos-MacBook-Pro.local pid:11886)] Job Class#usernearme (id=28) COMPLETED after 1.6394
2014-09-15T23:29:45-0400: [Worker(delayed_job host:henri-knafos-MacBook-Pro.local pid:11886)] Job Class#usernearme (id=29) RUNNING
2014-09-15T23:29:46-0400: [Worker(delayed_job host:henri-knafos-MacBook-Pro.local pid:11886)] Job Class#usernearme (id=29) COMPLETED after 1.0265
2014-09-15T23:29:46-0400: [Worker(delayed_job host:henri-knafos-MacBook-Pro.local pid:11886)] Job Class#usernearme (id=30) RUNNING
2014-09-15T23:29:48-0400: [Worker(delayed_job host:henri-knafos-MacBook-Pro.local pid:11886)] Job Class#usernearme (id=30) COMPLETED after 2.0491
2014-09-15T23:29:48-0400: [Worker(delayed_job host:henri-knafos-MacBook-Pro.local pid:11886)] 11 jobs processed at 0.5128 j/s, 0 failed
2014-09-15T23:33:49-0400: [Worker(delayed_job host:henri-knafos-MacBook-Pro.local pid:11886)] Job Class#usernearme (id=31) RUNNING
2014-09-15T23:33:52-0400: [Worker(delayed_job host:henri-knafos-MacBook-Pro.local pid:11886)] Job Class#usernearme (id=31) COMPLETED after 3.1230
2014-09-15T23:33:52-0400: [Worker(delayed_job host:henri-knafos-MacBook-Pro.local pid:11886)] Job Class#usernearme (id=32) RUNNING
2014-09-15T23:33:54-0400: [Worker(delayed_job host:henri-knafos-MacBook-Pro.local pid:11886)] Job Class#usernearme (id=32) COMPLETED after 2.2112
2014-09-15T23:33:54-0400: [Worker(delayed_job host:henri-knafos-MacBook-Pro.local pid:11886)] Job Class#usernearme (id=33) RUNNING
2014-09-15T23:33:58-0400: [Worker(delayed_job host:henri-knafos-MacBook-Pro.local pid:11886)] Job Class#usernearme (id=33) COMPLETED after 3.5586
2014-09-15T23:33:58-0400: [Worker(delayed_job host:henri-knafos-MacBook-Pro.local pid:11886)] Job Class#usernearme (id=34) RUNNING
2014-09-15T23:34:01-0400: [Worker(delayed_job host:henri-knafos-MacBook-Pro.local pid:11886)] Job Class#usernearme (id=34) COMPLETED after 3.5341
2014-09-15T23:34:01-0400: [Worker(delayed_job host:henri-knafos-MacBook-Pro.local pid:11886)] Job Class#usernearme (id=35) RUNNING
2014-09-15T23:34:04-0400: [Worker(delayed_job host:henri-knafos-MacBook-Pro.local pid:11886)] Job Class#usernearme (id=35) COMPLETED after 2.4075
2014-09-15T23:34:04-0400: [Worker(delayed_job host:henri-knafos-MacBook-Pro.local pid:11886)] Job Class#usernearme (id=36) RUNNING
2014-09-15T23:34:08-0400: [Worker(delayed_job host:henri-knafos-MacBook-Pro.local pid:11886)] Job Class#usernearme (id=36) COMPLETED after 4.4204
2014-09-15T23:34:08-0400: [Worker(delayed_job host:henri-knafos-MacBook-Pro.local pid:11886)] Job Class#usernearme (id=37) RUNNING
2014-09-15T23:34:10-0400: [Worker(delayed_job host:henri-knafos-MacBook-Pro.local pid:11886)] Job Class#usernearme (id=37) COMPLETED after 2.0872
2014-09-15T23:34:10-0400: [Worker(delayed_job host:henri-knafos-MacBook-Pro.local pid:11886)] Job Class#usernearme (id=38) RUNNING
2014-09-15T23:34:14-0400: [Worker(delayed_job host:henri-knafos-MacBook-Pro.local pid:11886)] Job Class#usernearme (id=38) COMPLETED after 3.7065
2014-09-15T23:34:14-0400: [Worker(delayed_job host:henri-knafos-MacBook-Pro.local pid:11886)] Job Class#usernearme (id=39) RUNNING
2014-09-15T23:34:17-0400: [Worker(delayed_job host:henri-knafos-MacBook-Pro.local pid:11886)] Job Class#usernearme (id=39) COMPLETED after 2.4596
2014-09-15T23:34:17-0400: [Worker(delayed_job host:henri-knafos-MacBook-Pro.local pid:11886)] Job Class#usernearme (id=40) RUNNING
2014-09-15T23:34:21-0400: [Worker(delayed_job host:henri-knafos-MacBook-Pro.local pid:11886)] Job Class#usernearme (id=40) COMPLETED after 3.8049
2014-09-15T23:34:21-0400: [Worker(delayed_job host:henri-knafos-MacBook-Pro.local pid:11886)] Job Class#usernearme (id=41) RUNNING
2014-09-15T23:34:22-0400: [Worker(delayed_job host:henri-knafos-MacBook-Pro.local pid:11886)] Job Class#usernearme (id=41) COMPLETED after 1.9356
2014-09-15T23:34:23-0400: [Worker(delayed_job host:henri-knafos-MacBook-Pro.local pid:11886)] Job Class#usernearme (id=42) RUNNING
2014-09-15T23:34:25-0400: [Worker(delayed_job host:henri-knafos-MacBook-Pro.local pid:11886)] Job Class#usernearme (id=42) COMPLETED after 2.0492
2014-09-15T23:34:25-0400: [Worker(delayed_job host:henri-knafos-MacBook-Pro.local pid:11886)] 12 jobs processed at 0.3314 j/s, 0 failed
2014-09-15T23:49:51-0400: [Worker(delayed_job host:henri-knafos-MacBook-Pro.local pid:11886)] Job Class#usernearme (id=43) RUNNING
2014-09-15T23:49:54-0400: [Worker(delayed_job host:henri-knafos-MacBook-Pro.local pid:11886)] Job Class#usernearme (id=43) COMPLETED after 3.0777
2014-09-15T23:49:54-0400: [Worker(delayed_job host:henri-knafos-MacBook-Pro.local pid:11886)] Job Class#usernearme (id=44) RUNNING
2014-09-15T23:49:58-0400: [Worker(delayed_job host:henri-knafos-MacBook-Pro.local pid:11886)] Job Class#usernearme (id=44) COMPLETED after 3.5078
2014-09-15T23:49:58-0400: [Worker(delayed_job host:henri-knafos-MacBook-Pro.local pid:11886)] Job Class#usernearme (id=45) RUNNING
2014-09-15T23:50:01-0400: [Worker(delayed_job host:henri-knafos-MacBook-Pro.local pid:11886)] Job Class#usernearme (id=45) COMPLETED after 3.1120
2014-09-15T23:50:01-0400: [Worker(delayed_job host:henri-knafos-MacBook-Pro.local pid:11886)] Job Class#usernearme (id=46) RUNNING
2014-09-15T23:50:03-0400: [Worker(delayed_job host:henri-knafos-MacBook-Pro.local pid:11886)] Job Class#usernearme (id=46) COMPLETED after 2.1217
2014-09-15T23:50:03-0400: [Worker(delayed_job host:henri-knafos-MacBook-Pro.local pid:11886)] Job Class#usernearme (id=47) RUNNING
2014-09-15T23:50:04-0400: [Worker(delayed_job host:henri-knafos-MacBook-Pro.local pid:11886)] Job Class#usernearme (id=47) COMPLETED after 1.2585
2014-09-15T23:50:05-0400: [Worker(delayed_job host:henri-knafos-MacBook-Pro.local pid:11886)] Job Class#usernearme (id=48) RUNNING
2014-09-15T23:50:06-0400: [Worker(delayed_job host:henri-knafos-MacBook-Pro.local pid:11886)] Job Class#usernearme (id=48) COMPLETED after 1.1515
2014-09-15T23:50:06-0400: [Worker(delayed_job host:henri-knafos-MacBook-Pro.local pid:11886)] Job Class#usernearme (id=49) RUNNING
2014-09-15T23:50:07-0400: [Worker(delayed_job host:henri-knafos-MacBook-Pro.local pid:11886)] Job Class#usernearme (id=49) COMPLETED after 1.4332
2014-09-15T23:50:07-0400: [Worker(delayed_job host:henri-knafos-MacBook-Pro.local pid:11886)] Job Class#usernearme (id=50) RUNNING
2014-09-15T23:50:08-0400: [Worker(delayed_job host:henri-knafos-MacBook-Pro.local pid:11886)] Job Class#usernearme (id=50) COMPLETED after 1.2980
2014-09-15T23:50:09-0400: [Worker(delayed_job host:henri-knafos-MacBook-Pro.local pid:11886)] Job Class#usernearme (id=51) RUNNING
2014-09-15T23:50:10-0400: [Worker(delayed_job host:henri-knafos-MacBook-Pro.local pid:11886)] Job Class#usernearme (id=51) COMPLETED after 1.0376
2014-09-15T23:50:10-0400: [Worker(delayed_job host:henri-knafos-MacBook-Pro.local pid:11886)] Job Class#usernearme (id=52) RUNNING
2014-09-15T23:50:11-0400: [Worker(delayed_job host:henri-knafos-MacBook-Pro.local pid:11886)] Job Class#usernearme (id=52) COMPLETED after 0.9785
2014-09-15T23:50:11-0400: [Worker(delayed_job host:henri-knafos-MacBook-Pro.local pid:11886)] Job Class#usernearme (id=53) RUNNING
2014-09-15T23:50:12-0400: [Worker(delayed_job host:henri-knafos-MacBook-Pro.local pid:11886)] Job Class#usernearme (id=53) COMPLETED after 1.7523
2014-09-15T23:50:12-0400: [Worker(delayed_job host:henri-knafos-MacBook-Pro.local pid:11886)] Job Class#usernearme (id=54) RUNNING
2014-09-15T23:50:14-0400: [Worker(delayed_job host:henri-knafos-MacBook-Pro.local pid:11886)] Job Class#usernearme (id=54) COMPLETED after 1.3444
2014-09-15T23:50:14-0400: [Worker(delayed_job host:henri-knafos-MacBook-Pro.local pid:11886)] Job Class#usernearme (id=55) RUNNING
2014-09-15T23:50:15-0400: [Worker(delayed_job host:henri-knafos-MacBook-Pro.local pid:11886)] Job Class#usernearme (id=55) COMPLETED after 1.0196
2014-09-15T23:50:15-0400: [Worker(delayed_job host:henri-knafos-MacBook-Pro.local pid:11886)] 13 jobs processed at 0.5511 j/s, 0 failed
